INFO: Applying HLS Y2K22 patch v1.2 for IP revision
INFO: [HLS 200-10] Running '/tools/Xilinx/Vitis_HLS/2020.2/bin/unwrapped/lnx64.o/vitis_hls'
INFO: [HLS 200-10] For user 'ffn' on host 'adm-59955.adm.c.sdu.dk' (Linux_x86_64 version 5.13.0-37-generic) on Tue Mar 29 17:34:33 CEST 2022
INFO: [HLS 200-10] On os Ubuntu 20.04.3 LTS
INFO: [HLS 200-10] In directory '/home/ffn/Nextcloud/Workspace/Projects/IWR6843-BRAM-writer-HLS/HLS'
Sourcing Tcl script '/home/ffn/Nextcloud/Workspace/Projects/IWR6843-BRAM-writer-HLS/HLS/IWR_BRAM_writer/mmWaveBramWriter/export.tcl'
INFO: [HLS 200-1510] Running: open_project IWR_BRAM_writer 
INFO: [HLS 200-10] Opening project '/home/ffn/Nextcloud/Workspace/Projects/IWR6843-BRAM-writer-HLS/HLS/IWR_BRAM_writer'.
INFO: [HLS 200-1510] Running: set_top mmWBramWriter 
INFO: [HLS 200-1510] Running: add_files mmWaveBramWriter.cpp 
INFO: [HLS 200-10] Adding design file 'mmWaveBramWriter.cpp' to the project
INFO: [HLS 200-1510] Running: open_solution mmWaveBramWriter -flow_target vivado 
INFO: [HLS 200-10] Opening solution '/home/ffn/Nextcloud/Workspace/Projects/IWR6843-BRAM-writer-HLS/HLS/IWR_BRAM_writer/mmWaveBramWriter'.
INFO: [SYN 201-201] Setting up clock 'default' with a period of 10ns.
INFO: [HLS 200-10] Setting target device to 'xczu3eg-sbva484-1-i'
INFO: [HLS 200-1505] Using flow_target 'vivado'
Resolution: For help on HLS 200-1505 see www.xilinx.com/cgi-bin/docs/rdoc?v=2020.2;t=hls+guidance;d=200-1505.html
INFO: [HLS 200-1464] Running solution command: config_export -format=ip_catalog
INFO: [HLS 200-1464] Running solution command: config_export -output=/home/ffn/Nextcloud/Workspace/Projects/IWR6843-BRAM-writer-HLS/IP/mmWBramWriter.zip
INFO: [HLS 200-1464] Running solution command: config_export -rtl=vhdl
INFO: [HLS 200-1510] Running: set_part xczu3eg-sbva484-1-i 
INFO: [HLS 200-1510] Running: create_clock -period 10 -name default 
INFO: [SYN 201-201] Setting up clock 'default' with a period of 10ns.
INFO: [HLS 200-1510] Running: config_export -format ip_catalog -output /home/ffn/Nextcloud/Workspace/Projects/IWR6843-BRAM-writer-HLS/IP/mmWBramWriter.zip -rtl vhdl 
INFO: [HLS 200-1510] Running: set_directive_top -name mmWBramWriter mmWBramWriter 
INFO: [HLS 200-1510] Running: export_design -rtl vhdl -format ip_catalog -output /home/ffn/Nextcloud/Workspace/Projects/IWR6843-BRAM-writer-HLS/IP/mmWBramWriter.zip 
INFO: [IMPL 213-8] Exporting RTL as a Vivado IP.

****** Vivado v2020.2 (64-bit)
  **** SW Build 3064766 on Wed Nov 18 09:12:47 MST 2020
  **** IP Build 3064653 on Wed Nov 18 14:17:31 MST 2020
    ** Copyright 1986-2020 Xilinx, Inc. All Rights Reserved.

source run_ippack.tcl -notrace
INFO: [IP_Flow 19-234] Refreshing IP repositories
INFO: [IP_Flow 19-1704] No user IP repositories specified
INFO: [IP_Flow 19-2313] Loaded Vivado IP repository '/tools/Xilinx/Vivado/2020.2/data/ip'.
INFO: [Common 17-206] Exiting Vivado at Tue Mar 29 17:34:42 2022...
INFO: [HLS 200-802] Generated output file /home/ffn/Nextcloud/Workspace/Projects/IWR6843-BRAM-writer-HLS/IP/mmWBramWriter.zip
INFO: [HLS 200-111] Finished Command export_design CPU user time: 9.13 seconds. CPU system time: 0.77 seconds. Elapsed time: 10.61 seconds; current allocated memory: 92.152 MB.
