

================================================================
== Synthesis Summary Report of 'mmWBramWriter'
================================================================
+ General Information: 
    * Date:           Tue Mar 29 16:34:29 2022
    * Version:        2020.2 (Build 3064766 on Wed Nov 18 09:12:47 MST 2020)
    * Project:        IWR_BRAM_writer
    * Solution:       mmWaveBramWriter (Vivado IP Flow Target)
    * Product family: zynquplus
    * Target device:  xczu3eg-sbva484-1-i
    

+ Performance & Resource Estimates: 
    
    PS: '+' for module; 'o' for loop; '*' for dataflow
    +-----------------+------+-------+---------+---------+----------+---------+------+----------+---------+----+-----------+----------+-----+
    |     Modules     | Issue|       | Latency | Latency | Iteration|         | Trip |          |         |    |           |          |     |
    |     & Loops     | Type | Slack | (cycles)|   (ns)  |  Latency | Interval| Count| Pipelined|  BRAM   | DSP|     FF    |    LUT   | URAM|
    +-----------------+------+-------+---------+---------+----------+---------+------+----------+---------+----+-----------+----------+-----+
    |+ mmWBramWriter  |     -|  -2.88|        -|        -|         -|        -|     -|        no|  4 (~0%)|   -|  193 (~0%)|  803 (1%)|    -|
    | o load_loop     |     -|  -7.30|       32|  320.000|         2|        1|    32|       yes|        -|   -|          -|         -|    -|
    | o write_loop    |     -|  -7.30|        -|        -|         2|        1|     -|       yes|        -|   -|          -|         -|    -|
    +-----------------+------+-------+---------+---------+----------+---------+------+----------+---------+----+-----------+----------+-----+

